<?xml version="1.0" encoding="UTF-8"?>
<testsuite name="com.hashmap.MyHashMapTest" tests="1" skipped="0" failures="0" errors="0" timestamp="2021-01-21T08:05:30" hostname="DESKTOP-BLCU99U" time="0.024">
  <properties/>
  <testcase name="givenASentence_WhenWordsAreAddedToList_ShouldReturnWordFrequency" classname="com.hashmap.MyHashMapTest" time="0.024"/>
  <system-out><![CDATA[com.hashmap.MyHashMap@550ac06d
]]></system-out>
  <system-err><![CDATA[]]></system-err>
</testsuite>
